<?xml version="1.0" encoding="UTF-8"?>
<testng-results ignored="0" total="1" passed="1" failed="0" skipped="0">
  <reporter-output>
  </reporter-output>
  <suite started-at="2023-11-12T15:27:44 EET" name="Default Suite" finished-at="2023-11-12T15:27:59 EET" duration-ms="15415">
    <groups>
    </groups>
    <test started-at="2023-11-12T15:27:44 EET" name="untitled" finished-at="2023-11-12T15:27:59 EET" duration-ms="15415">
      <class name="verifyGoogleLogoIsDisplayed">
        <test-method is-config="true" signature="SetUp(java.lang.String)[pri:0, instance:verifyGoogleLogoIsDisplayed@23529fee]" started-at="2023-11-12T15:27:44 EET" name="SetUp" finished-at="2023-11-12T15:27:55 EET" duration-ms="10798" status="PASS">
          <params>
            <param index="0">
              <value>
                <![CDATA[Firefox Driver]]>
              </value>
            </param>
          </params>
          <reporter-output>
          </reporter-output>
        </test-method> <!-- SetUp -->
        <test-method is-config="true" signature="goHome()[pri:0, instance:verifyGoogleLogoIsDisplayed@23529fee]" started-at="2023-11-12T15:27:55 EET" name="goHome" finished-at="2023-11-12T15:27:56 EET" duration-ms="1204" status="PASS">
          <reporter-output>
          </reporter-output>
        </test-method> <!-- goHome -->
        <test-method signature="verifyLogo()[pri:0, instance:verifyGoogleLogoIsDisplayed@23529fee]" started-at="2023-11-12T15:27:56 EET" name="verifyLogo" finished-at="2023-11-12T15:27:56 EET" duration-ms="161" status="PASS">
          <reporter-output>
          </reporter-output>
        </test-method> <!-- verifyLogo -->
        <test-method is-config="true" signature="recordFailure(org.testng.ITestResult)[pri:0, instance:verifyGoogleLogoIsDisplayed@23529fee]" started-at="2023-11-12T15:27:56 EET" name="recordFailure" finished-at="2023-11-12T15:27:56 EET" duration-ms="4" status="PASS">
          <params>
            <param index="0">
              <value>
                <![CDATA[[TestResult name=verifyLogo status=SUCCESS method=verifyGoogleLogoIsDisplayed.verifyLogo()[pri:0, instance:verifyGoogleLogoIsDisplayed@23529fee] output={null}]]]>
              </value>
            </param>
          </params>
          <reporter-output>
          </reporter-output>
        </test-method> <!-- recordFailure -->
        <test-method is-config="true" signature="TearDown()[pri:0, instance:verifyGoogleLogoIsDisplayed@23529fee]" started-at="2023-11-12T15:27:56 EET" name="TearDown" finished-at="2023-11-12T15:27:59 EET" duration-ms="3173" status="PASS">
          <reporter-output>
          </reporter-output>
        </test-method> <!-- TearDown -->
      </class> <!-- verifyGoogleLogoIsDisplayed -->
    </test> <!-- untitled -->
  </suite> <!-- Default Suite -->
</testng-results>
